[debug] [2019-09-04T04:59:18.120Z] ----------------------------------------------------------------------
[debug] [2019-09-04T04:59:18.122Z] Command:       D:\Programs\Git\usr\local\node.exe D:\Programs\Git\usr\local\node_modules\firebase-tools\lib\bin\firebase.js serve
[debug] [2019-09-04T04:59:18.123Z] CLI Version:   7.3.1
[debug] [2019-09-04T04:59:18.123Z] Platform:      win32
[debug] [2019-09-04T04:59:18.123Z] Node Version:  v12.4.0
[debug] [2019-09-04T04:59:18.125Z] Time:          Wed Sep 04 2019 00:59:18 GMT-0400 (Eastern Daylight Time)
[debug] [2019-09-04T04:59:18.125Z] ----------------------------------------------------------------------
[debug] 
[debug] [2019-09-04T04:59:18.134Z] > command requires scopes: ["email","openid","https://www.googleapis.com/auth/cloudplatformprojects.readonly","https://www.googleapis.com/auth/firebase","https://www.googleapis.com/auth/cloud-platform"]
[debug] [2019-09-04T04:59:18.135Z] > authorizing via signed-in user
[debug] [2019-09-04T04:59:18.135Z] [iam] checking project mysocialapp-c68aa for permissions ["firebase.projects.get"]
[debug] [2019-09-04T04:59:18.137Z] >>> HTTP REQUEST POST https://cloudresourcemanager.googleapis.com/v1/projects/mysocialapp-c68aa:testIamPermissions  

[debug] [2019-09-04T04:59:18.522Z] <<< HTTP RESPONSE 200
[debug] [2019-09-04T04:59:18.524Z] >>> HTTP REQUEST GET https://firebase.googleapis.com/v1beta1/projects/mysocialapp-c68aa  
 
[debug] [2019-09-04T04:59:18.743Z] <<< HTTP RESPONSE 200
[info] 
[info] === Serving from 'D:\self_projects\reactjs\social'...
[info] 
[warn] !  Your requested "node" version "8" doesn't match your global version "12"
[info] +  functions: Emulator started at http://localhost:5000
[info] i  functions: Watching "D:\self_projects\reactjs\social\functions" for Cloud Functions...
[debug] [2019-09-04T04:59:20.424Z] [runtime-status] Functions runtime initialized. {"cwd":"D:\\self_projects\\reactjs\\social\\functions","node_version":"12.4.0"}
[debug] [2019-09-04T04:59:20.424Z] [runtime-status] Disabled runtime features: {"functions_config_helper":true,"network_filtering":true,"timeout":true,"memory_limiting":true,"admin_stubs":true} {}
[debug] [2019-09-04T04:59:20.429Z] [runtime-status] Resolved module firebase-admin {"declared":true,"installed":true,"version":"8.4.0","resolution":"D:\\self_projects\\reactjs\\social\\functions\\node_modules\\firebase-admin\\lib\\index.js"}
[debug] [2019-09-04T04:59:20.432Z] [runtime-status] Resolved module firebase-functions {"declared":true,"installed":true,"version":"3.2.0","resolution":"D:\\self_projects\\reactjs\\social\\functions\\node_modules\\firebase-functions\\lib\\index.js"}
[debug] [2019-09-04T04:59:20.433Z] [runtime-status] Resolved module firebase-functions {"declared":true,"installed":true,"version":"3.2.0","resolution":"D:\\self_projects\\reactjs\\social\\functions\\node_modules\\firebase-functions\\lib\\index.js"}
[warn] !  Error: Cannot find module 'path/to/serviceAccountKey.json'
Require stack:
- D:\self_projects\reactjs\social\functions\index.js
- D:\Programs\Git\usr\local\node_modules\firebase-tools\lib\emulator\functionsEmulatorRuntime.js
    at Function.Module._resolveFilename (internal/modules/cjs/loader.js:623:15)
    at Function.Module._load (internal/modules/cjs/loader.js:527:27)
    at Module.require (internal/modules/cjs/loader.js:681:19)
    at require (internal/modules/cjs/helpers.js:16:16)
    at Object.<anonymous> (D:\self_projects\reactjs\social\functions\index.js:5:22)
    at Module._compile (internal/modules/cjs/loader.js:774:30)
    at Object.Module._extensions..js (internal/modules/cjs/loader.js:785:10)
    at Module.load (internal/modules/cjs/loader.js:641:32)
    at Function.Module._load (internal/modules/cjs/loader.js:556:12)
    at Module.require (internal/modules/cjs/loader.js:681:19)
[warn] !  We were unable to load your functions code. (see above)
[debug] [2019-09-04T05:01:00.196Z] ----------------------------------------------------------------------
[debug] [2019-09-04T05:01:00.199Z] Command:       D:\Programs\Git\usr\local\node.exe D:\Programs\Git\usr\local\node_modules\firebase-tools\lib\bin\firebase.js serve
[debug] [2019-09-04T05:01:00.199Z] CLI Version:   7.3.1
[debug] [2019-09-04T05:01:00.199Z] Platform:      win32
[debug] [2019-09-04T05:01:00.199Z] Node Version:  v12.4.0
[debug] [2019-09-04T05:01:00.200Z] Time:          Wed Sep 04 2019 01:01:00 GMT-0400 (Eastern Daylight Time)
[debug] [2019-09-04T05:01:00.200Z] ----------------------------------------------------------------------
[debug] 
[debug] [2019-09-04T05:01:00.209Z] > command requires scopes: ["email","openid","https://www.googleapis.com/auth/cloudplatformprojects.readonly","https://www.googleapis.com/auth/firebase","https://www.googleapis.com/auth/cloud-platform"]
[debug] [2019-09-04T05:01:00.210Z] > authorizing via signed-in user
[debug] [2019-09-04T05:01:00.210Z] [iam] checking project mysocialapp-c68aa for permissions ["firebase.projects.get"]
[debug] [2019-09-04T05:01:00.211Z] >>> HTTP REQUEST POST https://cloudresourcemanager.googleapis.com/v1/projects/mysocialapp-c68aa:testIamPermissions  

[debug] [2019-09-04T05:01:00.536Z] <<< HTTP RESPONSE 200
[debug] [2019-09-04T05:01:00.538Z] >>> HTTP REQUEST GET https://firebase.googleapis.com/v1beta1/projects/mysocialapp-c68aa  
 
[debug] [2019-09-04T05:01:00.729Z] <<< HTTP RESPONSE 200
[info] 
[info] === Serving from 'D:\self_projects\reactjs\social'...
[info] 
[warn] !  Your requested "node" version "8" doesn't match your global version "12"
[info] +  functions: Emulator started at http://localhost:5000
[info] i  functions: Watching "D:\self_projects\reactjs\social\functions" for Cloud Functions...
[debug] [2019-09-04T05:01:02.375Z] [runtime-status] Functions runtime initialized. {"cwd":"D:\\self_projects\\reactjs\\social\\functions","node_version":"12.4.0"}
[debug] [2019-09-04T05:01:02.376Z] [runtime-status] Disabled runtime features: {"functions_config_helper":true,"network_filtering":true,"timeout":true,"memory_limiting":true,"admin_stubs":true} {}
[debug] [2019-09-04T05:01:02.379Z] [runtime-status] Resolved module firebase-admin {"declared":true,"installed":true,"version":"8.4.0","resolution":"D:\\self_projects\\reactjs\\social\\functions\\node_modules\\firebase-admin\\lib\\index.js"}
[debug] [2019-09-04T05:01:02.383Z] [runtime-status] Resolved module firebase-functions {"declared":true,"installed":true,"version":"3.2.0","resolution":"D:\\self_projects\\reactjs\\social\\functions\\node_modules\\firebase-functions\\lib\\index.js"}
[debug] [2019-09-04T05:01:02.384Z] [runtime-status] Resolved module firebase-functions {"declared":true,"installed":true,"version":"3.2.0","resolution":"D:\\self_projects\\reactjs\\social\\functions\\node_modules\\firebase-functions\\lib\\index.js"}
[warn] !  Error: Cannot find module 'path/to/serviceAccountKey.json'
Require stack:
- D:\self_projects\reactjs\social\functions\index.js
- D:\Programs\Git\usr\local\node_modules\firebase-tools\lib\emulator\functionsEmulatorRuntime.js
    at Function.Module._resolveFilename (internal/modules/cjs/loader.js:623:15)
    at Function.Module._load (internal/modules/cjs/loader.js:527:27)
    at Module.require (internal/modules/cjs/loader.js:681:19)
    at require (internal/modules/cjs/helpers.js:16:16)
    at Object.<anonymous> (D:\self_projects\reactjs\social\functions\index.js:5:22)
    at Module._compile (internal/modules/cjs/loader.js:774:30)
    at Object.Module._extensions..js (internal/modules/cjs/loader.js:785:10)
    at Module.load (internal/modules/cjs/loader.js:641:32)
    at Function.Module._load (internal/modules/cjs/loader.js:556:12)
    at Module.require (internal/modules/cjs/loader.js:681:19)
[warn] !  We were unable to load your functions code. (see above)
[debug] [2019-09-04T05:01:20.541Z] File D:\self_projects\reactjs\social\functions\index.js changed, reloading triggers
[debug] [2019-09-04T05:01:22.970Z] [runtime-status] Functions runtime initialized. {"cwd":"D:\\self_projects\\reactjs\\social\\functions","node_version":"12.4.0"}
[debug] [2019-09-04T05:01:22.970Z] [runtime-status] Disabled runtime features: {"functions_config_helper":true,"network_filtering":true,"timeout":true,"memory_limiting":true,"admin_stubs":true} {}
[debug] [2019-09-04T05:01:22.975Z] [runtime-status] Resolved module firebase-admin {"declared":true,"installed":true,"version":"8.4.0","resolution":"D:\\self_projects\\reactjs\\social\\functions\\node_modules\\firebase-admin\\lib\\index.js"}
[debug] [2019-09-04T05:01:22.978Z] [runtime-status] Resolved module firebase-functions {"declared":true,"installed":true,"version":"3.2.0","resolution":"D:\\self_projects\\reactjs\\social\\functions\\node_modules\\firebase-functions\\lib\\index.js"}
[debug] [2019-09-04T05:01:22.979Z] [runtime-status] Resolved module firebase-functions {"declared":true,"installed":true,"version":"3.2.0","resolution":"D:\\self_projects\\reactjs\\social\\functions\\node_modules\\firebase-functions\\lib\\index.js"}
[warn] !  Error: Cannot find module 'path/to/serviceAccountKey.json'
Require stack:
- D:\self_projects\reactjs\social\functions\index.js
- D:\Programs\Git\usr\local\node_modules\firebase-tools\lib\emulator\functionsEmulatorRuntime.js
    at Function.Module._resolveFilename (internal/modules/cjs/loader.js:623:15)
    at Function.Module._load (internal/modules/cjs/loader.js:527:27)
    at Module.require (internal/modules/cjs/loader.js:681:19)
    at require (internal/modules/cjs/helpers.js:16:16)
    at Object.<anonymous> (D:\self_projects\reactjs\social\functions\index.js:4:22)
    at Module._compile (internal/modules/cjs/loader.js:774:30)
    at Object.Module._extensions..js (internal/modules/cjs/loader.js:785:10)
    at Module.load (internal/modules/cjs/loader.js:641:32)
    at Function.Module._load (internal/modules/cjs/loader.js:556:12)
    at Module.require (internal/modules/cjs/loader.js:681:19)
[warn] !  We were unable to load your functions code. (see above)
[debug] [2019-09-04T05:01:36.320Z] File D:\self_projects\reactjs\social\functions\index.js changed, reloading triggers
[debug] [2019-09-04T05:01:38.732Z] [runtime-status] Functions runtime initialized. {"cwd":"D:\\self_projects\\reactjs\\social\\functions","node_version":"12.4.0"}
[debug] [2019-09-04T05:01:38.732Z] [runtime-status] Disabled runtime features: {"functions_config_helper":true,"network_filtering":true,"timeout":true,"memory_limiting":true,"admin_stubs":true} {}
[debug] [2019-09-04T05:01:38.736Z] [runtime-status] Resolved module firebase-admin {"declared":true,"installed":true,"version":"8.4.0","resolution":"D:\\self_projects\\reactjs\\social\\functions\\node_modules\\firebase-admin\\lib\\index.js"}
[debug] [2019-09-04T05:01:38.739Z] [runtime-status] Resolved module firebase-functions {"declared":true,"installed":true,"version":"3.2.0","resolution":"D:\\self_projects\\reactjs\\social\\functions\\node_modules\\firebase-functions\\lib\\index.js"}
[debug] [2019-09-04T05:01:38.740Z] [runtime-status] Resolved module firebase-functions {"declared":true,"installed":true,"version":"3.2.0","resolution":"D:\\self_projects\\reactjs\\social\\functions\\node_modules\\firebase-functions\\lib\\index.js"}
[warn] !  Error: Cannot find module 'path/to/serviceAccountKey.json'
Require stack:
- D:\self_projects\reactjs\social\functions\index.js
- D:\Programs\Git\usr\local\node_modules\firebase-tools\lib\emulator\functionsEmulatorRuntime.js
    at Function.Module._resolveFilename (internal/modules/cjs/loader.js:623:15)
    at Function.Module._load (internal/modules/cjs/loader.js:527:27)
    at Module.require (internal/modules/cjs/loader.js:681:19)
    at require (internal/modules/cjs/helpers.js:16:16)
    at Object.<anonymous> (D:\self_projects\reactjs\social\functions\index.js:5:22)
    at Module._compile (internal/modules/cjs/loader.js:774:30)
    at Object.Module._extensions..js (internal/modules/cjs/loader.js:785:10)
    at Module.load (internal/modules/cjs/loader.js:641:32)
    at Function.Module._load (internal/modules/cjs/loader.js:556:12)
    at Module.require (internal/modules/cjs/loader.js:681:19)
[warn] !  We were unable to load your functions code. (see above)
[debug] [2019-09-04T05:02:20.458Z] File D:\self_projects\reactjs\social\functions\index.js changed, reloading triggers
[debug] [2019-09-04T05:02:22.898Z] [runtime-status] Functions runtime initialized. {"cwd":"D:\\self_projects\\reactjs\\social\\functions","node_version":"12.4.0"}
[debug] [2019-09-04T05:02:22.898Z] [runtime-status] Disabled runtime features: {"functions_config_helper":true,"network_filtering":true,"timeout":true,"memory_limiting":true,"admin_stubs":true} {}
[debug] [2019-09-04T05:02:22.904Z] [runtime-status] Resolved module firebase-admin {"declared":true,"installed":true,"version":"8.4.0","resolution":"D:\\self_projects\\reactjs\\social\\functions\\node_modules\\firebase-admin\\lib\\index.js"}
[debug] [2019-09-04T05:02:22.907Z] [runtime-status] Resolved module firebase-functions {"declared":true,"installed":true,"version":"3.2.0","resolution":"D:\\self_projects\\reactjs\\social\\functions\\node_modules\\firebase-functions\\lib\\index.js"}
[debug] [2019-09-04T05:02:22.908Z] [runtime-status] Resolved module firebase-functions {"declared":true,"installed":true,"version":"3.2.0","resolution":"D:\\self_projects\\reactjs\\social\\functions\\node_modules\\firebase-functions\\lib\\index.js"}
[warn] !  Error: Cannot find module '../serviceAccountKey.json'
Require stack:
- D:\self_projects\reactjs\social\functions\index.js
- D:\Programs\Git\usr\local\node_modules\firebase-tools\lib\emulator\functionsEmulatorRuntime.js
    at Function.Module._resolveFilename (internal/modules/cjs/loader.js:623:15)
    at Function.Module._load (internal/modules/cjs/loader.js:527:27)
    at Module.require (internal/modules/cjs/loader.js:681:19)
    at require (internal/modules/cjs/helpers.js:16:16)
    at Object.<anonymous> (D:\self_projects\reactjs\social\functions\index.js:5:22)
    at Module._compile (internal/modules/cjs/loader.js:774:30)
    at Object.Module._extensions..js (internal/modules/cjs/loader.js:785:10)
    at Module.load (internal/modules/cjs/loader.js:641:32)
    at Function.Module._load (internal/modules/cjs/loader.js:556:12)
    at Module.require (internal/modules/cjs/loader.js:681:19)
[warn] !  We were unable to load your functions code. (see above)
[debug] [2019-09-04T05:05:02.424Z] File D:\self_projects\reactjs\social\functions\index.js changed, reloading triggers
[debug] [2019-09-04T05:05:05.130Z] [runtime-status] Functions runtime initialized. {"cwd":"D:\\self_projects\\reactjs\\social\\functions","node_version":"12.4.0"}
[debug] [2019-09-04T05:05:05.130Z] [runtime-status] Disabled runtime features: {"functions_config_helper":true,"network_filtering":true,"timeout":true,"memory_limiting":true,"admin_stubs":true} {}
[debug] [2019-09-04T05:05:05.136Z] [runtime-status] Resolved module firebase-admin {"declared":true,"installed":true,"version":"8.4.0","resolution":"D:\\self_projects\\reactjs\\social\\functions\\node_modules\\firebase-admin\\lib\\index.js"}
[debug] [2019-09-04T05:05:05.140Z] [runtime-status] Resolved module firebase-functions {"declared":true,"installed":true,"version":"3.2.0","resolution":"D:\\self_projects\\reactjs\\social\\functions\\node_modules\\firebase-functions\\lib\\index.js"}
[debug] [2019-09-04T05:05:05.141Z] [runtime-status] Resolved module firebase-functions {"declared":true,"installed":true,"version":"3.2.0","resolution":"D:\\self_projects\\reactjs\\social\\functions\\node_modules\\firebase-functions\\lib\\index.js"}
[warn] !  Error: Cannot find module './serviceAccountKey.json'
Require stack:
- D:\self_projects\reactjs\social\functions\index.js
- D:\Programs\Git\usr\local\node_modules\firebase-tools\lib\emulator\functionsEmulatorRuntime.js
    at Function.Module._resolveFilename (internal/modules/cjs/loader.js:623:15)
    at Function.Module._load (internal/modules/cjs/loader.js:527:27)
    at Module.require (internal/modules/cjs/loader.js:681:19)
    at require (internal/modules/cjs/helpers.js:16:16)
    at Object.<anonymous> (D:\self_projects\reactjs\social\functions\index.js:5:22)
    at Module._compile (internal/modules/cjs/loader.js:774:30)
    at Object.Module._extensions..js (internal/modules/cjs/loader.js:785:10)
    at Module.load (internal/modules/cjs/loader.js:641:32)
    at Function.Module._load (internal/modules/cjs/loader.js:556:12)
    at Module.require (internal/modules/cjs/loader.js:681:19)
[warn] !  We were unable to load your functions code. (see above)
[debug] [2019-09-04T05:06:23.239Z] File D:\self_projects\reactjs\social\functions\index.js changed, reloading triggers
[debug] [2019-09-04T05:06:25.706Z] [runtime-status] Functions runtime initialized. {"cwd":"D:\\self_projects\\reactjs\\social\\functions","node_version":"12.4.0"}
[debug] [2019-09-04T05:06:25.706Z] [runtime-status] Disabled runtime features: {"functions_config_helper":true,"network_filtering":true,"timeout":true,"memory_limiting":true,"admin_stubs":true} {}
[debug] [2019-09-04T05:06:25.711Z] [runtime-status] Resolved module firebase-admin {"declared":true,"installed":true,"version":"8.4.0","resolution":"D:\\self_projects\\reactjs\\social\\functions\\node_modules\\firebase-admin\\lib\\index.js"}
[debug] [2019-09-04T05:06:25.714Z] [runtime-status] Resolved module firebase-functions {"declared":true,"installed":true,"version":"3.2.0","resolution":"D:\\self_projects\\reactjs\\social\\functions\\node_modules\\firebase-functions\\lib\\index.js"}
[debug] [2019-09-04T05:06:25.714Z] [runtime-status] Resolved module firebase-functions {"declared":true,"installed":true,"version":"3.2.0","resolution":"D:\\self_projects\\reactjs\\social\\functions\\node_modules\\firebase-functions\\lib\\index.js"}
[warn] !  Error: Cannot find module './serviceAccountKey.json'
Require stack:
- D:\self_projects\reactjs\social\functions\index.js
- D:\Programs\Git\usr\local\node_modules\firebase-tools\lib\emulator\functionsEmulatorRuntime.js
    at Function.Module._resolveFilename (internal/modules/cjs/loader.js:623:15)
    at Function.Module._load (internal/modules/cjs/loader.js:527:27)
    at Module.require (internal/modules/cjs/loader.js:681:19)
    at require (internal/modules/cjs/helpers.js:16:16)
    at Object.<anonymous> (D:\self_projects\reactjs\social\functions\index.js:5:22)
    at Module._compile (internal/modules/cjs/loader.js:774:30)
    at Object.Module._extensions..js (internal/modules/cjs/loader.js:785:10)
    at Module.load (internal/modules/cjs/loader.js:641:32)
    at Function.Module._load (internal/modules/cjs/loader.js:556:12)
    at Module.require (internal/modules/cjs/loader.js:681:19)
[warn] !  We were unable to load your functions code. (see above)
[debug] [2019-09-04T05:07:02.098Z] File D:\self_projects\reactjs\social\functions\index.js changed, reloading triggers
[debug] [2019-09-04T05:07:04.737Z] [runtime-status] Functions runtime initialized. {"cwd":"D:\\self_projects\\reactjs\\social\\functions","node_version":"12.4.0"}
[debug] [2019-09-04T05:07:04.737Z] [runtime-status] Disabled runtime features: {"functions_config_helper":true,"network_filtering":true,"timeout":true,"memory_limiting":true,"admin_stubs":true} {}
[debug] [2019-09-04T05:07:04.742Z] [runtime-status] Resolved module firebase-admin {"declared":true,"installed":true,"version":"8.4.0","resolution":"D:\\self_projects\\reactjs\\social\\functions\\node_modules\\firebase-admin\\lib\\index.js"}
[debug] [2019-09-04T05:07:04.745Z] [runtime-status] Resolved module firebase-functions {"declared":true,"installed":true,"version":"3.2.0","resolution":"D:\\self_projects\\reactjs\\social\\functions\\node_modules\\firebase-functions\\lib\\index.js"}
[debug] [2019-09-04T05:07:04.746Z] [runtime-status] Resolved module firebase-functions {"declared":true,"installed":true,"version":"3.2.0","resolution":"D:\\self_projects\\reactjs\\social\\functions\\node_modules\\firebase-functions\\lib\\index.js"}
[warn] !  Error: Cannot find module './serviceAccountKey.json'
Require stack:
- D:\self_projects\reactjs\social\functions\index.js
- D:\Programs\Git\usr\local\node_modules\firebase-tools\lib\emulator\functionsEmulatorRuntime.js
    at Function.Module._resolveFilename (internal/modules/cjs/loader.js:623:15)
    at Function.Module._load (internal/modules/cjs/loader.js:527:27)
    at Module.require (internal/modules/cjs/loader.js:681:19)
    at require (internal/modules/cjs/helpers.js:16:16)
    at Object.<anonymous> (D:\self_projects\reactjs\social\functions\index.js:5:22)
    at Module._compile (internal/modules/cjs/loader.js:774:30)
    at Object.Module._extensions..js (internal/modules/cjs/loader.js:785:10)
    at Module.load (internal/modules/cjs/loader.js:641:32)
    at Function.Module._load (internal/modules/cjs/loader.js:556:12)
    at Module.require (internal/modules/cjs/loader.js:681:19)
[warn] !  We were unable to load your functions code. (see above)
[debug] [2019-09-04T05:07:13.402Z] ----------------------------------------------------------------------
[debug] [2019-09-04T05:07:13.405Z] Command:       D:\Programs\Git\usr\local\node.exe D:\Programs\Git\usr\local\node_modules\firebase-tools\lib\bin\firebase.js serve
[debug] [2019-09-04T05:07:13.405Z] CLI Version:   7.3.1
[debug] [2019-09-04T05:07:13.405Z] Platform:      win32
[debug] [2019-09-04T05:07:13.405Z] Node Version:  v12.4.0
[debug] [2019-09-04T05:07:13.407Z] Time:          Wed Sep 04 2019 01:07:13 GMT-0400 (Eastern Daylight Time)
[debug] [2019-09-04T05:07:13.407Z] ----------------------------------------------------------------------
[debug] 
[debug] [2019-09-04T05:07:13.418Z] > command requires scopes: ["email","openid","https://www.googleapis.com/auth/cloudplatformprojects.readonly","https://www.googleapis.com/auth/firebase","https://www.googleapis.com/auth/cloud-platform"]
[debug] [2019-09-04T05:07:13.419Z] > authorizing via signed-in user
[debug] [2019-09-04T05:07:13.419Z] [iam] checking project mysocialapp-c68aa for permissions ["firebase.projects.get"]
[debug] [2019-09-04T05:07:13.421Z] >>> HTTP REQUEST POST https://cloudresourcemanager.googleapis.com/v1/projects/mysocialapp-c68aa:testIamPermissions  

[debug] [2019-09-04T05:07:13.760Z] <<< HTTP RESPONSE 200
[debug] [2019-09-04T05:07:13.762Z] >>> HTTP REQUEST GET https://firebase.googleapis.com/v1beta1/projects/mysocialapp-c68aa  
 
[debug] [2019-09-04T05:07:14.093Z] <<< HTTP RESPONSE 200
[info] 
[info] === Serving from 'D:\self_projects\reactjs\social'...
[info] 
[warn] !  Your requested "node" version "8" doesn't match your global version "12"
[info] +  functions: Emulator started at http://localhost:5000
[info] i  functions: Watching "D:\self_projects\reactjs\social\functions" for Cloud Functions...
[debug] [2019-09-04T05:07:16.113Z] [runtime-status] Functions runtime initialized. {"cwd":"D:\\self_projects\\reactjs\\social\\functions","node_version":"12.4.0"}
[debug] [2019-09-04T05:07:16.113Z] [runtime-status] Disabled runtime features: {"functions_config_helper":true,"network_filtering":true,"timeout":true,"memory_limiting":true,"admin_stubs":true} {}
[debug] [2019-09-04T05:07:16.119Z] [runtime-status] Resolved module firebase-admin {"declared":true,"installed":true,"version":"8.4.0","resolution":"D:\\self_projects\\reactjs\\social\\functions\\node_modules\\firebase-admin\\lib\\index.js"}
[debug] [2019-09-04T05:07:16.126Z] [runtime-status] Resolved module firebase-functions {"declared":true,"installed":true,"version":"3.2.0","resolution":"D:\\self_projects\\reactjs\\social\\functions\\node_modules\\firebase-functions\\lib\\index.js"}
[debug] [2019-09-04T05:07:16.127Z] [runtime-status] Resolved module firebase-functions {"declared":true,"installed":true,"version":"3.2.0","resolution":"D:\\self_projects\\reactjs\\social\\functions\\node_modules\\firebase-functions\\lib\\index.js"}
[warn] !  Error: Cannot find module './serviceAccountKey.json'
Require stack:
- D:\self_projects\reactjs\social\functions\index.js
- D:\Programs\Git\usr\local\node_modules\firebase-tools\lib\emulator\functionsEmulatorRuntime.js
    at Function.Module._resolveFilename (internal/modules/cjs/loader.js:623:15)
    at Function.Module._load (internal/modules/cjs/loader.js:527:27)
    at Module.require (internal/modules/cjs/loader.js:681:19)
    at require (internal/modules/cjs/helpers.js:16:16)
    at Object.<anonymous> (D:\self_projects\reactjs\social\functions\index.js:5:22)
    at Module._compile (internal/modules/cjs/loader.js:774:30)
    at Object.Module._extensions..js (internal/modules/cjs/loader.js:785:10)
    at Module.load (internal/modules/cjs/loader.js:641:32)
    at Function.Module._load (internal/modules/cjs/loader.js:556:12)
    at Module.require (internal/modules/cjs/loader.js:681:19)
[warn] !  We were unable to load your functions code. (see above)
[debug] [2019-09-04T05:07:59.464Z] File D:\self_projects\reactjs\social\functions\index.js changed, reloading triggers
[debug] [2019-09-04T05:08:01.867Z] [runtime-status] Functions runtime initialized. {"cwd":"D:\\self_projects\\reactjs\\social\\functions","node_version":"12.4.0"}
[debug] [2019-09-04T05:08:01.867Z] [runtime-status] Disabled runtime features: {"functions_config_helper":true,"network_filtering":true,"timeout":true,"memory_limiting":true,"admin_stubs":true} {}
[debug] [2019-09-04T05:08:01.872Z] [runtime-status] Resolved module firebase-admin {"declared":true,"installed":true,"version":"8.4.0","resolution":"D:\\self_projects\\reactjs\\social\\functions\\node_modules\\firebase-admin\\lib\\index.js"}
[debug] [2019-09-04T05:08:01.875Z] [runtime-status] Resolved module firebase-functions {"declared":true,"installed":true,"version":"3.2.0","resolution":"D:\\self_projects\\reactjs\\social\\functions\\node_modules\\firebase-functions\\lib\\index.js"}
[debug] [2019-09-04T05:08:01.876Z] [runtime-status] Resolved module firebase-functions {"declared":true,"installed":true,"version":"3.2.0","resolution":"D:\\self_projects\\reactjs\\social\\functions\\node_modules\\firebase-functions\\lib\\index.js"}
[info] +  functions[helloWorld]: http function initialized (http://localhost:5000/mysocialapp-c68aa/us-central1/helloWorld).
[info] +  functions[getPosts]: http function initialized (http://localhost:5000/mysocialapp-c68aa/us-central1/getPosts).
[info] +  functions[createPost]: http function initialized (http://localhost:5000/mysocialapp-c68aa/us-central1/createPost).
[debug] [2019-09-04T05:08:24.281Z] Accepted request POST /mysocialapp-c68aa/us-central1/createPost --> createPost
[debug] [2019-09-04T05:08:25.825Z] [runtime-status] Functions runtime initialized. {"cwd":"D:\\self_projects\\reactjs\\social\\functions","node_version":"12.4.0"}
[info] i  functions: Beginning execution of "createPost"
[debug] [2019-09-04T05:08:25.826Z] [runtime-status] Disabled runtime features: {"functions_config_helper":true,"network_filtering":true,"timeout":true,"memory_limiting":true,"admin_stubs":true} {}
[debug] [2019-09-04T05:08:25.833Z] [runtime-status] Resolved module firebase-admin {"declared":true,"installed":true,"version":"8.4.0","resolution":"D:\\self_projects\\reactjs\\social\\functions\\node_modules\\firebase-admin\\lib\\index.js"}
[debug] [2019-09-04T05:08:25.837Z] [runtime-status] Resolved module firebase-functions {"declared":true,"installed":true,"version":"3.2.0","resolution":"D:\\self_projects\\reactjs\\social\\functions\\node_modules\\firebase-functions\\lib\\index.js"}
[debug] [2019-09-04T05:08:25.838Z] [runtime-status] Resolved module firebase-functions {"declared":true,"installed":true,"version":"3.2.0","resolution":"D:\\self_projects\\reactjs\\social\\functions\\node_modules\\firebase-functions\\lib\\index.js"}
[debug] [2019-09-04T05:08:25.991Z] [runtime-status] Trigger "createPost" has been found, beginning invocation! {}
[debug] [2019-09-04T05:08:25.991Z] [runtime-status]  {"httpsTrigger":{},"name":"createPost","entryPoint":"createPost"}
[debug] [2019-09-04T05:08:25.991Z] [runtime-status] Running createPost in mode HTTPS {}
[debug] [2019-09-04T05:08:26.003Z] {"socketPath":"\\\\?\\pipe\\D:\\self_projects\\reactjs\\social\\functions\\10844"}
[debug] [2019-09-04T05:08:26.004Z] [functions] Runtime ready! Sending request! {"socketPath":"\\\\?\\pipe\\D:\\self_projects\\reactjs\\social\\functions\\10844"}
[debug] [2019-09-04T05:08:26.036Z] [runtime-status] Ephemeral server used! {}
[debug] [2019-09-04T05:08:26.773Z] [runtime-status] Ephemeral server survived. {}
[info] i  functions: Finished "createPost" in ~1s
